<?xml version="1.0" encoding="UTF-8"?>
<testng-results skipped="0" failed="0" ignored="0" total="1" passed="1">
  <reporter-output>
    <line>
      <![CDATA[Ebay Search Test is Successful]]>
    </line>
  </reporter-output>
  <suite name="Default suite" duration-ms="22746" started-at="2020-12-07T17:32:02 IST" finished-at="2020-12-07T17:32:25 IST">
    <groups>
    </groups>
    <test name="Default test" duration-ms="22746" started-at="2020-12-07T17:32:02 IST" finished-at="2020-12-07T17:32:25 IST">
      <class name="myDemos.MyTest">
        <test-method status="PASS" signature="eSearch()[pri:0, instance:myDemos.MyTest@1d29cf23]" name="eSearch" duration-ms="22645" started-at="2020-12-07T17:32:02 IST" finished-at="2020-12-07T17:32:25 IST">
          <reporter-output>
            <line>
              <![CDATA[Ebay Search Test is Successful]]>
            </line>
          </reporter-output>
        </test-method> <!-- eSearch -->
      </class> <!-- myDemos.MyTest -->
    </test> <!-- Default test -->
  </suite> <!-- Default suite -->
</testng-results>
